2017-02-27 12:36:04,142------------------------------------------------------------------------
2017-02-27 12:36:04,155 * Running on http://127.0.0.1:5000/ (Press CTRL+C to quit)
2017-02-27 12:36:04,156 * Restarting with stat
2017-02-27 12:36:04,470------------------------------------------------------------------------
2017-02-27 12:36:04,487 * Debugger is active!
2017-02-27 12:36:04,488 * Debugger pin code: 257-455-926
2017-02-27 12:36:15,393127.0.0.1 - - [27/Feb/2017 12:36:15] "GET / HTTP/1.1" 200 -
2017-02-27 12:36:15,478127.0.0.1 - - [27/Feb/2017 12:36:15] "GET /images/logo.png HTTP/1.1" 404 -
2017-02-27 12:36:15,486127.0.0.1 - - [27/Feb/2017 12:36:15] "GET /alt=%22%22 HTTP/1.1" 404 -
2017-02-27 12:36:15,498127.0.0.1 - - [27/Feb/2017 12:36:15] "GET /images/placeholder-600x750.jpg HTTP/1.1" 404 -
2017-02-27 12:38:00,147------------------------------------------------------------------------
2017-02-27 12:38:00,541 * Running on http://127.0.0.1:5000/ (Press CTRL+C to quit)
2017-02-27 12:38:00,545 * Restarting with stat
2017-02-27 12:38:00,897------------------------------------------------------------------------
2017-02-27 12:38:00,910 * Debugger is active!
2017-02-27 12:38:00,933 * Debugger pin code: 257-455-926
2017-02-27 12:38:43,925127.0.0.1 - - [27/Feb/2017 12:38:43] "GET / HTTP/1.1" 200 -
2017-02-27 12:38:44,299127.0.0.1 - - [27/Feb/2017 12:38:44] "GET /alt=%22%22 HTTP/1.1" 404 -
2017-02-27 12:38:44,301127.0.0.1 - - [27/Feb/2017 12:38:44] "GET /images/logo.png HTTP/1.1" 404 -
2017-02-27 12:38:44,303127.0.0.1 - - [27/Feb/2017 12:38:44] "GET /images/placeholder-600x750.jpg HTTP/1.1" 404 -
2017-02-27 12:41:18,995 * Detected change in '/home/aegon/STEM-Greenhouse/STEM-Greenhouse/STEM-Greenhouse.py', reloading
2017-02-27 12:41:19,050 * Restarting with stat
2017-02-27 12:41:19,396------------------------------------------------------------------------
2017-02-27 12:41:19,408 * Debugger is active!
2017-02-27 12:41:19,409 * Debugger pin code: 257-455-926
2017-02-27 12:41:25,415127.0.0.1 - - [27/Feb/2017 12:41:25] "GET / HTTP/1.1" 200 -
2017-02-27 12:41:25,485127.0.0.1 - - [27/Feb/2017 12:41:25] "GET /images/logo.png HTTP/1.1" 404 -
2017-02-27 12:41:25,493127.0.0.1 - - [27/Feb/2017 12:41:25] "GET /alt=%22%22 HTTP/1.1" 404 -
2017-02-27 12:41:25,508127.0.0.1 - - [27/Feb/2017 12:41:25] "GET /images/placeholder-600x750.jpg HTTP/1.1" 404 -
2017-02-27 12:48:23,875127.0.0.1 - - [27/Feb/2017 12:48:23] "GET / HTTP/1.1" 200 -
2017-02-27 12:48:24,087127.0.0.1 - - [27/Feb/2017 12:48:24] "GET /static/js/jquery-1.11.min.js HTTP/1.1" 304 -
2017-02-27 12:48:24,148127.0.0.1 - - [27/Feb/2017 12:48:24] "GET /static/js/SmoothScroll.js HTTP/1.1" 304 -
2017-02-27 12:48:24,150127.0.0.1 - - [27/Feb/2017 12:48:24] "GET /static/js/custom.js HTTP/1.1" 304 -
2017-02-27 12:48:24,153127.0.0.1 - - [27/Feb/2017 12:48:24] "GET /static/js/bootstrap.min.js HTTP/1.1" 304 -
2017-02-27 12:48:24,156127.0.0.1 - - [27/Feb/2017 12:48:24] "GET /static/js/jquery.fs.boxer.min.js HTTP/1.1" 304 -
2017-02-27 12:48:24,159127.0.0.1 - - [27/Feb/2017 12:48:24] "GET /static/js/jquery.form.js HTTP/1.1" 304 -
2017-02-27 12:48:24,161127.0.0.1 - - [27/Feb/2017 12:48:24] "GET /alt=%22%22 HTTP/1.1" 404 -
2017-02-27 12:48:24,166127.0.0.1 - - [27/Feb/2017 12:48:24] "GET /static/images/humidchart.svg HTTP/1.1" 304 -
2017-02-27 12:48:24,185127.0.0.1 - - [27/Feb/2017 12:48:24] "GET /static/images/tempchart.svg HTTP/1.1" 304 -
